INFO:     Started server process [13668]
INFO:     Waiting for application startup.
INFO:     Application startup complete.
INFO:     Uvicorn running on http://127.0.0.1:8000 (Press CTRL+C to quit)
G:\ai agent saas\autoai-builder\.venv\Lib\site-packages\sklearn\metrics\_regression.py:1288: UndefinedMetricWarning: R^2 score is not well-defined with less than two samples.
  warnings.warn(msg, UndefinedMetricWarning)
G:\ai agent saas\autoai-builder\.venv\Lib\site-packages\sklearn\metrics\_regression.py:1288: UndefinedMetricWarning: R^2 score is not well-defined with less than two samples.
  warnings.warn(msg, UndefinedMetricWarning)
G:\ai agent saas\autoai-builder\.venv\Lib\site-packages\sklearn\metrics\_regression.py:1288: UndefinedMetricWarning: R^2 score is not well-defined with less than two samples.
  warnings.warn(msg, UndefinedMetricWarning)
G:\ai agent saas\autoai-builder\.venv\Lib\site-packages\sklearn\metrics\_regression.py:1288: UndefinedMetricWarning: R^2 score is not well-defined with less than two samples.
  warnings.warn(msg, UndefinedMetricWarning)
G:\ai agent saas\autoai-builder\.venv\Lib\site-packages\sklearn\metrics\_regression.py:1288: UndefinedMetricWarning: R^2 score is not well-defined with less than two samples.
  warnings.warn(msg, UndefinedMetricWarning)
G:\ai agent saas\autoai-builder\.venv\Lib\site-packages\sklearn\metrics\_regression.py:1288: UndefinedMetricWarning: R^2 score is not well-defined with less than two samples.
  warnings.warn(msg, UndefinedMetricWarning)
G:\ai agent saas\autoai-builder\.venv\Lib\site-packages\sklearn\metrics\_regression.py:1288: UndefinedMetricWarning: R^2 score is not well-defined with less than two samples.
  warnings.warn(msg, UndefinedMetricWarning)
G:\ai agent saas\autoai-builder\.venv\Lib\site-packages\sklearn\metrics\_regression.py:1288: UndefinedMetricWarning: R^2 score is not well-defined with less than two samples.
  warnings.warn(msg, UndefinedMetricWarning)
G:\ai agent saas\autoai-builder\.venv\Lib\site-packages\sklearn\metrics\_regression.py:1288: UndefinedMetricWarning: R^2 score is not well-defined with less than two samples.
  warnings.warn(msg, UndefinedMetricWarning)
G:\ai agent saas\autoai-builder\.venv\Lib\site-packages\sklearn\metrics\_regression.py:1288: UndefinedMetricWarning: R^2 score is not well-defined with less than two samples.
  warnings.warn(msg, UndefinedMetricWarning)
G:\ai agent saas\autoai-builder\.venv\Lib\site-packages\sklearn\metrics\_regression.py:1288: UndefinedMetricWarning: R^2 score is not well-defined with less than two samples.
  warnings.warn(msg, UndefinedMetricWarning)
G:\ai agent saas\autoai-builder\.venv\Lib\site-packages\sklearn\metrics\_regression.py:1288: UndefinedMetricWarning: R^2 score is not well-defined with less than two samples.
  warnings.warn(msg, UndefinedMetricWarning)
G:\ai agent saas\autoai-builder\.venv\Lib\site-packages\sklearn\metrics\_regression.py:1288: UndefinedMetricWarning: R^2 score is not well-defined with less than two samples.
  warnings.warn(msg, UndefinedMetricWarning)
G:\ai agent saas\autoai-builder\.venv\Lib\site-packages\sklearn\metrics\_regression.py:1288: UndefinedMetricWarning: R^2 score is not well-defined with less than two samples.
  warnings.warn(msg, UndefinedMetricWarning)
G:\ai agent saas\autoai-builder\.venv\Lib\site-packages\sklearn\metrics\_regression.py:1288: UndefinedMetricWarning: R^2 score is not well-defined with less than two samples.
  warnings.warn(msg, UndefinedMetricWarning)
G:\ai agent saas\autoai-builder\.venv\Lib\site-packages\sklearn\metrics\_regression.py:1288: UndefinedMetricWarning: R^2 score is not well-defined with less than two samples.
  warnings.warn(msg, UndefinedMetricWarning)
G:\ai agent saas\autoai-builder\.venv\Lib\site-packages\sklearn\metrics\_regression.py:1288: UndefinedMetricWarning: R^2 score is not well-defined with less than two samples.
  warnings.warn(msg, UndefinedMetricWarning)
G:\ai agent saas\autoai-builder\.venv\Lib\site-packages\sklearn\metrics\_regression.py:1288: UndefinedMetricWarning: R^2 score is not well-defined with less than two samples.
  warnings.warn(msg, UndefinedMetricWarning)
G:\ai agent saas\autoai-builder\.venv\Lib\site-packages\sklearn\metrics\_regression.py:1288: UndefinedMetricWarning: R^2 score is not well-defined with less than two samples.
  warnings.warn(msg, UndefinedMetricWarning)
G:\ai agent saas\autoai-builder\.venv\Lib\site-packages\sklearn\metrics\_regression.py:1288: UndefinedMetricWarning: R^2 score is not well-defined with less than two samples.
  warnings.warn(msg, UndefinedMetricWarning)
G:\ai agent saas\autoai-builder\.venv\Lib\site-packages\sklearn\metrics\_regression.py:1288: UndefinedMetricWarning: R^2 score is not well-defined with less than two samples.
  warnings.warn(msg, UndefinedMetricWarning)
G:\ai agent saas\autoai-builder\.venv\Lib\site-packages\sklearn\metrics\_regression.py:1288: UndefinedMetricWarning: R^2 score is not well-defined with less than two samples.
  warnings.warn(msg, UndefinedMetricWarning)
G:\ai agent saas\autoai-builder\.venv\Lib\site-packages\sklearn\metrics\_regression.py:1288: UndefinedMetricWarning: R^2 score is not well-defined with less than two samples.
  warnings.warn(msg, UndefinedMetricWarning)
G:\ai agent saas\autoai-builder\.venv\Lib\site-packages\sklearn\metrics\_regression.py:1288: UndefinedMetricWarning: R^2 score is not well-defined with less than two samples.
  warnings.warn(msg, UndefinedMetricWarning)
G:\ai agent saas\autoai-builder\.venv\Lib\site-packages\sklearn\metrics\_regression.py:1288: UndefinedMetricWarning: R^2 score is not well-defined with less than two samples.
  warnings.warn(msg, UndefinedMetricWarning)
G:\ai agent saas\autoai-builder\.venv\Lib\site-packages\sklearn\metrics\_regression.py:1288: UndefinedMetricWarning: R^2 score is not well-defined with less than two samples.
  warnings.warn(msg, UndefinedMetricWarning)
G:\ai agent saas\autoai-builder\.venv\Lib\site-packages\sklearn\metrics\_regression.py:1288: UndefinedMetricWarning: R^2 score is not well-defined with less than two samples.
  warnings.warn(msg, UndefinedMetricWarning)
G:\ai agent saas\autoai-builder\.venv\Lib\site-packages\sklearn\metrics\_regression.py:1288: UndefinedMetricWarning: R^2 score is not well-defined with less than two samples.
  warnings.warn(msg, UndefinedMetricWarning)
G:\ai agent saas\autoai-builder\.venv\Lib\site-packages\sklearn\metrics\_regression.py:1288: UndefinedMetricWarning: R^2 score is not well-defined with less than two samples.
  warnings.warn(msg, UndefinedMetricWarning)
G:\ai agent saas\autoai-builder\.venv\Lib\site-packages\sklearn\metrics\_regression.py:1288: UndefinedMetricWarning: R^2 score is not well-defined with less than two samples.
  warnings.warn(msg, UndefinedMetricWarning)
G:\ai agent saas\autoai-builder\.venv\Lib\site-packages\sklearn\metrics\_regression.py:1288: UndefinedMetricWarning: R^2 score is not well-defined with less than two samples.
  warnings.warn(msg, UndefinedMetricWarning)
G:\ai agent saas\autoai-builder\.venv\Lib\site-packages\sklearn\metrics\_regression.py:1288: UndefinedMetricWarning: R^2 score is not well-defined with less than two samples.
  warnings.warn(msg, UndefinedMetricWarning)
G:\ai agent saas\autoai-builder\.venv\Lib\site-packages\sklearn\metrics\_regression.py:1288: UndefinedMetricWarning: R^2 score is not well-defined with less than two samples.
  warnings.warn(msg, UndefinedMetricWarning)
ERROR:    Exception in ASGI application
Traceback (most recent call last):
  File "G:\ai agent saas\autoai-builder\.venv\Lib\site-packages\sqlalchemy\engine\base.py", line 1967, in _exec_single_context
    self.dialect.do_execute(
  File "G:\ai agent saas\autoai-builder\.venv\Lib\site-packages\sqlalchemy\engine\default.py", line 952, in do_execute
    cursor.execute(statement, parameters)
psycopg2.errors.CheckViolation: new row for relation "agent_runs" violates check constraint "ck_agent_runs_status"
DETAIL:  Failing row contains (65f75800-db47-4439-af91-e166be2a1c90, 1e953c22-65b5-427b-97f6-ccd3fb9be7d4, stopped, 3, 6, 0.001, null, 2026-03-02 08:53:04.516417+00, 2026-03-02 08:53:08.982768+00, null, 2026-03-02 08:53:04.477581+00).


The above exception was the direct cause of the following exception:

Traceback (most recent call last):
  File "G:\ai agent saas\autoai-builder\.venv\Lib\site-packages\uvicorn\protocols\http\h11_impl.py", line 410, in run_asgi
    result = await app(  # type: ignore[func-returns-value]
             ^^^^^^^^^^^^^^^^^^^^^^^^^^^^^^^^^^^^^^^^^^^^^^
  File "G:\ai agent saas\autoai-builder\.venv\Lib\site-packages\uvicorn\middleware\proxy_headers.py", line 60, in __call__
    return await self.app(scope, receive, send)
           ^^^^^^^^^^^^^^^^^^^^^^^^^^^^^^^^^^^^
  File "G:\ai agent saas\autoai-builder\.venv\Lib\site-packages\fastapi\applications.py", line 1160, in __call__
    await super().__call__(scope, receive, send)
  File "G:\ai agent saas\autoai-builder\.venv\Lib\site-packages\starlette\applications.py", line 107, in __call__
    await self.middleware_stack(scope, receive, send)
  File "G:\ai agent saas\autoai-builder\.venv\Lib\site-packages\starlette\middleware\errors.py", line 186, in __call__
    raise exc
  File "G:\ai agent saas\autoai-builder\.venv\Lib\site-packages\starlette\middleware\errors.py", line 164, in __call__
    await self.app(scope, receive, _send)
  File "G:\ai agent saas\autoai-builder\.venv\Lib\site-packages\starlette\middleware\exceptions.py", line 63, in __call__
    await wrap_app_handling_exceptions(self.app, conn)(scope, receive, send)
  File "G:\ai agent saas\autoai-builder\.venv\Lib\site-packages\starlette\_exception_handler.py", line 53, in wrapped_app
    raise exc
  File "G:\ai agent saas\autoai-builder\.venv\Lib\site-packages\starlette\_exception_handler.py", line 42, in wrapped_app
    await app(scope, receive, sender)
  File "G:\ai agent saas\autoai-builder\.venv\Lib\site-packages\fastapi\middleware\asyncexitstack.py", line 18, in __call__
    await self.app(scope, receive, send)
  File "G:\ai agent saas\autoai-builder\.venv\Lib\site-packages\starlette\routing.py", line 716, in __call__
    await self.middleware_stack(scope, receive, send)
  File "G:\ai agent saas\autoai-builder\.venv\Lib\site-packages\starlette\routing.py", line 736, in app
    await route.handle(scope, receive, send)
  File "G:\ai agent saas\autoai-builder\.venv\Lib\site-packages\starlette\routing.py", line 290, in handle
    await self.app(scope, receive, send)
  File "G:\ai agent saas\autoai-builder\.venv\Lib\site-packages\fastapi\routing.py", line 129, in app
    await wrap_app_handling_exceptions(app, request)(scope, receive, send)
  File "G:\ai agent saas\autoai-builder\.venv\Lib\site-packages\starlette\_exception_handler.py", line 53, in wrapped_app
    raise exc
  File "G:\ai agent saas\autoai-builder\.venv\Lib\site-packages\starlette\_exception_handler.py", line 42, in wrapped_app
    await app(scope, receive, sender)
  File "C:\Users\Win10\AppData\Local\Programs\Python\Python311\Lib\contextlib.py", line 222, in __aexit__
    await self.gen.athrow(typ, value, traceback)
  File "G:\ai agent saas\autoai-builder\.venv\Lib\site-packages\fastapi\concurrency.py", line 37, in contextmanager_in_threadpool
    raise e
  File "G:\ai agent saas\autoai-builder\.venv\Lib\site-packages\fastapi\concurrency.py", line 29, in contextmanager_in_threadpool
    yield await run_in_threadpool(cm.__enter__)
  File "G:\ai agent saas\autoai-builder\.venv\Lib\site-packages\fastapi\routing.py", line 115, in app
    response = await f(request)
               ^^^^^^^^^^^^^^^^
  File "G:\ai agent saas\autoai-builder\.venv\Lib\site-packages\fastapi\routing.py", line 630, in app
    raw_response = await run_endpoint_function(
                   ^^^^^^^^^^^^^^^^^^^^^^^^^^^^
  File "G:\ai agent saas\autoai-builder\.venv\Lib\site-packages\fastapi\routing.py", line 325, in run_endpoint_function
    return await run_in_threadpool(dependant.call, **values)
           ^^^^^^^^^^^^^^^^^^^^^^^^^^^^^^^^^^^^^^^^^^^^^^^^^
  File "G:\ai agent saas\autoai-builder\.venv\Lib\site-packages\starlette\concurrency.py", line 32, in run_in_threadpool
    return await anyio.to_thread.run_sync(func)
           ^^^^^^^^^^^^^^^^^^^^^^^^^^^^^^^^^^^^
  File "G:\ai agent saas\autoai-builder\.venv\Lib\site-packages\anyio\to_thread.py", line 63, in run_sync
    return await get_async_backend().run_sync_in_worker_thread(
           ^^^^^^^^^^^^^^^^^^^^^^^^^^^^^^^^^^^^^^^^^^^^^^^^^^^^
  File "G:\ai agent saas\autoai-builder\.venv\Lib\site-packages\anyio\_backends\_asyncio.py", line 2502, in run_sync_in_worker_thread
    return await future
           ^^^^^^^^^^^^
  File "G:\ai agent saas\autoai-builder\.venv\Lib\site-packages\anyio\_backends\_asyncio.py", line 986, in run
    result = context.run(func, *args)
             ^^^^^^^^^^^^^^^^^^^^^^^^
  File "G:\ai agent saas\autoai-builder\backend\main.py", line 1420, in stop_agent
    db.commit()
  File "G:\ai agent saas\autoai-builder\.venv\Lib\site-packages\sqlalchemy\orm\session.py", line 2030, in commit
    trans.commit(_to_root=True)
  File "<string>", line 2, in commit
  File "G:\ai agent saas\autoai-builder\.venv\Lib\site-packages\sqlalchemy\orm\state_changes.py", line 137, in _go
    ret_value = fn(self, *arg, **kw)
                ^^^^^^^^^^^^^^^^^^^^
  File "G:\ai agent saas\autoai-builder\.venv\Lib\site-packages\sqlalchemy\orm\session.py", line 1311, in commit
    self._prepare_impl()
  File "<string>", line 2, in _prepare_impl
  File "G:\ai agent saas\autoai-builder\.venv\Lib\site-packages\sqlalchemy\orm\state_changes.py", line 137, in _go
    ret_value = fn(self, *arg, **kw)
                ^^^^^^^^^^^^^^^^^^^^
  File "G:\ai agent saas\autoai-builder\.venv\Lib\site-packages\sqlalchemy\orm\session.py", line 1286, in _prepare_impl
    self.session.flush()
  File "G:\ai agent saas\autoai-builder\.venv\Lib\site-packages\sqlalchemy\orm\session.py", line 4331, in flush
    self._flush(objects)
  File "G:\ai agent saas\autoai-builder\.venv\Lib\site-packages\sqlalchemy\orm\session.py", line 4466, in _flush
    with util.safe_reraise():
  File "G:\ai agent saas\autoai-builder\.venv\Lib\site-packages\sqlalchemy\util\langhelpers.py", line 121, in __exit__
    raise exc_value.with_traceback(exc_tb)
  File "G:\ai agent saas\autoai-builder\.venv\Lib\site-packages\sqlalchemy\orm\session.py", line 4427, in _flush
    flush_context.execute()
  File "G:\ai agent saas\autoai-builder\.venv\Lib\site-packages\sqlalchemy\orm\unitofwork.py", line 466, in execute
    rec.execute(self)
  File "G:\ai agent saas\autoai-builder\.venv\Lib\site-packages\sqlalchemy\orm\unitofwork.py", line 642, in execute
    util.preloaded.orm_persistence.save_obj(
  File "G:\ai agent saas\autoai-builder\.venv\Lib\site-packages\sqlalchemy\orm\persistence.py", line 85, in save_obj
    _emit_update_statements(
  File "G:\ai agent saas\autoai-builder\.venv\Lib\site-packages\sqlalchemy\orm\persistence.py", line 912, in _emit_update_statements
    c = connection.execute(
        ^^^^^^^^^^^^^^^^^^^
  File "G:\ai agent saas\autoai-builder\.venv\Lib\site-packages\sqlalchemy\engine\base.py", line 1419, in execute
    return meth(
           ^^^^^
  File "G:\ai agent saas\autoai-builder\.venv\Lib\site-packages\sqlalchemy\sql\elements.py", line 527, in _execute_on_connection
    return connection._execute_clauseelement(
           ^^^^^^^^^^^^^^^^^^^^^^^^^^^^^^^^^^
  File "G:\ai agent saas\autoai-builder\.venv\Lib\site-packages\sqlalchemy\engine\base.py", line 1641, in _execute_clauseelement
    ret = self._execute_context(
          ^^^^^^^^^^^^^^^^^^^^^^
  File "G:\ai agent saas\autoai-builder\.venv\Lib\site-packages\sqlalchemy\engine\base.py", line 1846, in _execute_context
    return self._exec_single_context(
           ^^^^^^^^^^^^^^^^^^^^^^^^^^
  File "G:\ai agent saas\autoai-builder\.venv\Lib\site-packages\sqlalchemy\engine\base.py", line 1986, in _exec_single_context
    self._handle_dbapi_exception(
  File "G:\ai agent saas\autoai-builder\.venv\Lib\site-packages\sqlalchemy\engine\base.py", line 2363, in _handle_dbapi_exception
    raise sqlalchemy_exception.with_traceback(exc_info[2]) from e
  File "G:\ai agent saas\autoai-builder\.venv\Lib\site-packages\sqlalchemy\engine\base.py", line 1967, in _exec_single_context
    self.dialect.do_execute(
  File "G:\ai agent saas\autoai-builder\.venv\Lib\site-packages\sqlalchemy\engine\default.py", line 952, in do_execute
    cursor.execute(statement, parameters)
sqlalchemy.exc.IntegrityError: (psycopg2.errors.CheckViolation) new row for relation "agent_runs" violates check constraint "ck_agent_runs_status"
DETAIL:  Failing row contains (65f75800-db47-4439-af91-e166be2a1c90, 1e953c22-65b5-427b-97f6-ccd3fb9be7d4, stopped, 3, 6, 0.001, null, 2026-03-02 08:53:04.516417+00, 2026-03-02 08:53:08.982768+00, null, 2026-03-02 08:53:04.477581+00).

[SQL: UPDATE agent_runs SET status=%(status)s, completed_at=%(completed_at)s WHERE agent_runs.id = %(agent_runs_id)s::UUID]
[parameters: {'status': 'stopped', 'completed_at': datetime.datetime(2026, 3, 2, 8, 53, 8, 982768, tzinfo=datetime.timezone.utc), 'agent_runs_id': UUID('65f75800-db47-4439-af91-e166be2a1c90')}]
(Background on this error at: https://sqlalche.me/e/20/gkpj)
G:\ai agent saas\autoai-builder\.venv\Lib\site-packages\sklearn\metrics\_regression.py:1288: UndefinedMetricWarning: R^2 score is not well-defined with less than two samples.
  warnings.warn(msg, UndefinedMetricWarning)
ERROR:    Exception in ASGI application
Traceback (most recent call last):
  File "G:\ai agent saas\autoai-builder\.venv\Lib\site-packages\sqlalchemy\engine\base.py", line 1967, in _exec_single_context
    self.dialect.do_execute(
  File "G:\ai agent saas\autoai-builder\.venv\Lib\site-packages\sqlalchemy\engine\default.py", line 952, in do_execute
    cursor.execute(statement, parameters)
psycopg2.errors.CheckViolation: new row for relation "agent_runs" violates check constraint "ck_agent_runs_status"
DETAIL:  Failing row contains (6ebee2d6-2880-4379-b2d6-d6975efdced5, ad8cc1fe-11b3-4a7e-9a27-69620d92744b, stopped, 0, 6, 0.001, null, 2026-03-02 08:53:10.018449+00, 2026-03-02 08:53:10.123483+00, null, 2026-03-02 08:53:10.014014+00).


The above exception was the direct cause of the following exception:

Traceback (most recent call last):
  File "G:\ai agent saas\autoai-builder\.venv\Lib\site-packages\uvicorn\protocols\http\h11_impl.py", line 410, in run_asgi
    result = await app(  # type: ignore[func-returns-value]
             ^^^^^^^^^^^^^^^^^^^^^^^^^^^^^^^^^^^^^^^^^^^^^^
  File "G:\ai agent saas\autoai-builder\.venv\Lib\site-packages\uvicorn\middleware\proxy_headers.py", line 60, in __call__
    return await self.app(scope, receive, send)
           ^^^^^^^^^^^^^^^^^^^^^^^^^^^^^^^^^^^^
  File "G:\ai agent saas\autoai-builder\.venv\Lib\site-packages\fastapi\applications.py", line 1160, in __call__
    await super().__call__(scope, receive, send)
  File "G:\ai agent saas\autoai-builder\.venv\Lib\site-packages\starlette\applications.py", line 107, in __call__
    await self.middleware_stack(scope, receive, send)
  File "G:\ai agent saas\autoai-builder\.venv\Lib\site-packages\starlette\middleware\errors.py", line 186, in __call__
    raise exc
  File "G:\ai agent saas\autoai-builder\.venv\Lib\site-packages\starlette\middleware\errors.py", line 164, in __call__
    await self.app(scope, receive, _send)
  File "G:\ai agent saas\autoai-builder\.venv\Lib\site-packages\starlette\middleware\exceptions.py", line 63, in __call__
    await wrap_app_handling_exceptions(self.app, conn)(scope, receive, send)
  File "G:\ai agent saas\autoai-builder\.venv\Lib\site-packages\starlette\_exception_handler.py", line 53, in wrapped_app
    raise exc
  File "G:\ai agent saas\autoai-builder\.venv\Lib\site-packages\starlette\_exception_handler.py", line 42, in wrapped_app
    await app(scope, receive, sender)
  File "G:\ai agent saas\autoai-builder\.venv\Lib\site-packages\fastapi\middleware\asyncexitstack.py", line 18, in __call__
    await self.app(scope, receive, send)
  File "G:\ai agent saas\autoai-builder\.venv\Lib\site-packages\starlette\routing.py", line 716, in __call__
    await self.middleware_stack(scope, receive, send)
  File "G:\ai agent saas\autoai-builder\.venv\Lib\site-packages\starlette\routing.py", line 736, in app
    await route.handle(scope, receive, send)
  File "G:\ai agent saas\autoai-builder\.venv\Lib\site-packages\starlette\routing.py", line 290, in handle
    await self.app(scope, receive, send)
  File "G:\ai agent saas\autoai-builder\.venv\Lib\site-packages\fastapi\routing.py", line 129, in app
    await wrap_app_handling_exceptions(app, request)(scope, receive, send)
  File "G:\ai agent saas\autoai-builder\.venv\Lib\site-packages\starlette\_exception_handler.py", line 53, in wrapped_app
    raise exc
  File "G:\ai agent saas\autoai-builder\.venv\Lib\site-packages\starlette\_exception_handler.py", line 42, in wrapped_app
    await app(scope, receive, sender)
  File "C:\Users\Win10\AppData\Local\Programs\Python\Python311\Lib\contextlib.py", line 222, in __aexit__
    await self.gen.athrow(typ, value, traceback)
  File "G:\ai agent saas\autoai-builder\.venv\Lib\site-packages\fastapi\concurrency.py", line 37, in contextmanager_in_threadpool
    raise e
  File "G:\ai agent saas\autoai-builder\.venv\Lib\site-packages\fastapi\concurrency.py", line 29, in contextmanager_in_threadpool
    yield await run_in_threadpool(cm.__enter__)
  File "G:\ai agent saas\autoai-builder\.venv\Lib\site-packages\fastapi\routing.py", line 115, in app
    response = await f(request)
               ^^^^^^^^^^^^^^^^
  File "G:\ai agent saas\autoai-builder\.venv\Lib\site-packages\fastapi\routing.py", line 630, in app
    raw_response = await run_endpoint_function(
                   ^^^^^^^^^^^^^^^^^^^^^^^^^^^^
  File "G:\ai agent saas\autoai-builder\.venv\Lib\site-packages\fastapi\routing.py", line 325, in run_endpoint_function
    return await run_in_threadpool(dependant.call, **values)
           ^^^^^^^^^^^^^^^^^^^^^^^^^^^^^^^^^^^^^^^^^^^^^^^^^
  File "G:\ai agent saas\autoai-builder\.venv\Lib\site-packages\starlette\concurrency.py", line 32, in run_in_threadpool
    return await anyio.to_thread.run_sync(func)
           ^^^^^^^^^^^^^^^^^^^^^^^^^^^^^^^^^^^^
  File "G:\ai agent saas\autoai-builder\.venv\Lib\site-packages\anyio\to_thread.py", line 63, in run_sync
    return await get_async_backend().run_sync_in_worker_thread(
           ^^^^^^^^^^^^^^^^^^^^^^^^^^^^^^^^^^^^^^^^^^^^^^^^^^^^
  File "G:\ai agent saas\autoai-builder\.venv\Lib\site-packages\anyio\_backends\_asyncio.py", line 2502, in run_sync_in_worker_thread
    return await future
           ^^^^^^^^^^^^
  File "G:\ai agent saas\autoai-builder\.venv\Lib\site-packages\anyio\_backends\_asyncio.py", line 986, in run
    result = context.run(func, *args)
             ^^^^^^^^^^^^^^^^^^^^^^^^
  File "G:\ai agent saas\autoai-builder\backend\main.py", line 1420, in stop_agent
    db.commit()
  File "G:\ai agent saas\autoai-builder\.venv\Lib\site-packages\sqlalchemy\orm\session.py", line 2030, in commit
    trans.commit(_to_root=True)
  File "<string>", line 2, in commit
  File "G:\ai agent saas\autoai-builder\.venv\Lib\site-packages\sqlalchemy\orm\state_changes.py", line 137, in _go
    ret_value = fn(self, *arg, **kw)
                ^^^^^^^^^^^^^^^^^^^^
  File "G:\ai agent saas\autoai-builder\.venv\Lib\site-packages\sqlalchemy\orm\session.py", line 1311, in commit
    self._prepare_impl()
  File "<string>", line 2, in _prepare_impl
  File "G:\ai agent saas\autoai-builder\.venv\Lib\site-packages\sqlalchemy\orm\state_changes.py", line 137, in _go
    ret_value = fn(self, *arg, **kw)
                ^^^^^^^^^^^^^^^^^^^^
  File "G:\ai agent saas\autoai-builder\.venv\Lib\site-packages\sqlalchemy\orm\session.py", line 1286, in _prepare_impl
    self.session.flush()
  File "G:\ai agent saas\autoai-builder\.venv\Lib\site-packages\sqlalchemy\orm\session.py", line 4331, in flush
    self._flush(objects)
  File "G:\ai agent saas\autoai-builder\.venv\Lib\site-packages\sqlalchemy\orm\session.py", line 4466, in _flush
    with util.safe_reraise():
  File "G:\ai agent saas\autoai-builder\.venv\Lib\site-packages\sqlalchemy\util\langhelpers.py", line 121, in __exit__
    raise exc_value.with_traceback(exc_tb)
  File "G:\ai agent saas\autoai-builder\.venv\Lib\site-packages\sqlalchemy\orm\session.py", line 4427, in _flush
    flush_context.execute()
  File "G:\ai agent saas\autoai-builder\.venv\Lib\site-packages\sqlalchemy\orm\unitofwork.py", line 466, in execute
    rec.execute(self)
  File "G:\ai agent saas\autoai-builder\.venv\Lib\site-packages\sqlalchemy\orm\unitofwork.py", line 642, in execute
    util.preloaded.orm_persistence.save_obj(
  File "G:\ai agent saas\autoai-builder\.venv\Lib\site-packages\sqlalchemy\orm\persistence.py", line 85, in save_obj
    _emit_update_statements(
  File "G:\ai agent saas\autoai-builder\.venv\Lib\site-packages\sqlalchemy\orm\persistence.py", line 912, in _emit_update_statements
    c = connection.execute(
        ^^^^^^^^^^^^^^^^^^^
  File "G:\ai agent saas\autoai-builder\.venv\Lib\site-packages\sqlalchemy\engine\base.py", line 1419, in execute
    return meth(
           ^^^^^
  File "G:\ai agent saas\autoai-builder\.venv\Lib\site-packages\sqlalchemy\sql\elements.py", line 527, in _execute_on_connection
    return connection._execute_clauseelement(
           ^^^^^^^^^^^^^^^^^^^^^^^^^^^^^^^^^^
  File "G:\ai agent saas\autoai-builder\.venv\Lib\site-packages\sqlalchemy\engine\base.py", line 1641, in _execute_clauseelement
    ret = self._execute_context(
          ^^^^^^^^^^^^^^^^^^^^^^
  File "G:\ai agent saas\autoai-builder\.venv\Lib\site-packages\sqlalchemy\engine\base.py", line 1846, in _execute_context
    return self._exec_single_context(
           ^^^^^^^^^^^^^^^^^^^^^^^^^^
  File "G:\ai agent saas\autoai-builder\.venv\Lib\site-packages\sqlalchemy\engine\base.py", line 1986, in _exec_single_context
    self._handle_dbapi_exception(
  File "G:\ai agent saas\autoai-builder\.venv\Lib\site-packages\sqlalchemy\engine\base.py", line 2363, in _handle_dbapi_exception
    raise sqlalchemy_exception.with_traceback(exc_info[2]) from e
  File "G:\ai agent saas\autoai-builder\.venv\Lib\site-packages\sqlalchemy\engine\base.py", line 1967, in _exec_single_context
    self.dialect.do_execute(
  File "G:\ai agent saas\autoai-builder\.venv\Lib\site-packages\sqlalchemy\engine\default.py", line 952, in do_execute
    cursor.execute(statement, parameters)
sqlalchemy.exc.IntegrityError: (psycopg2.errors.CheckViolation) new row for relation "agent_runs" violates check constraint "ck_agent_runs_status"
DETAIL:  Failing row contains (6ebee2d6-2880-4379-b2d6-d6975efdced5, ad8cc1fe-11b3-4a7e-9a27-69620d92744b, stopped, 0, 6, 0.001, null, 2026-03-02 08:53:10.018449+00, 2026-03-02 08:53:10.123483+00, null, 2026-03-02 08:53:10.014014+00).

[SQL: UPDATE agent_runs SET status=%(status)s, completed_at=%(completed_at)s WHERE agent_runs.id = %(agent_runs_id)s::UUID]
[parameters: {'status': 'stopped', 'completed_at': datetime.datetime(2026, 3, 2, 8, 53, 10, 123483, tzinfo=datetime.timezone.utc), 'agent_runs_id': UUID('6ebee2d6-2880-4379-b2d6-d6975efdced5')}]
(Background on this error at: https://sqlalche.me/e/20/gkpj)
G:\ai agent saas\autoai-builder\.venv\Lib\site-packages\sklearn\metrics\_regression.py:1288: UndefinedMetricWarning: R^2 score is not well-defined with less than two samples.
  warnings.warn(msg, UndefinedMetricWarning)
G:\ai agent saas\autoai-builder\.venv\Lib\site-packages\sklearn\metrics\_regression.py:1288: UndefinedMetricWarning: R^2 score is not well-defined with less than two samples.
  warnings.warn(msg, UndefinedMetricWarning)
G:\ai agent saas\autoai-builder\.venv\Lib\site-packages\sklearn\metrics\_regression.py:1288: UndefinedMetricWarning: R^2 score is not well-defined with less than two samples.
  warnings.warn(msg, UndefinedMetricWarning)
G:\ai agent saas\autoai-builder\.venv\Lib\site-packages\sklearn\metrics\_regression.py:1288: UndefinedMetricWarning: R^2 score is not well-defined with less than two samples.
  warnings.warn(msg, UndefinedMetricWarning)
G:\ai agent saas\autoai-builder\.venv\Lib\site-packages\sklearn\metrics\_regression.py:1288: UndefinedMetricWarning: R^2 score is not well-defined with less than two samples.
  warnings.warn(msg, UndefinedMetricWarning)
G:\ai agent saas\autoai-builder\.venv\Lib\site-packages\sklearn\metrics\_regression.py:1288: UndefinedMetricWarning: R^2 score is not well-defined with less than two samples.
  warnings.warn(msg, UndefinedMetricWarning)
G:\ai agent saas\autoai-builder\.venv\Lib\site-packages\sklearn\metrics\_regression.py:1288: UndefinedMetricWarning: R^2 score is not well-defined with less than two samples.
  warnings.warn(msg, UndefinedMetricWarning)
G:\ai agent saas\autoai-builder\.venv\Lib\site-packages\sklearn\metrics\_regression.py:1288: UndefinedMetricWarning: R^2 score is not well-defined with less than two samples.
  warnings.warn(msg, UndefinedMetricWarning)
G:\ai agent saas\autoai-builder\.venv\Lib\site-packages\sklearn\metrics\_regression.py:1288: UndefinedMetricWarning: R^2 score is not well-defined with less than two samples.
  warnings.warn(msg, UndefinedMetricWarning)
G:\ai agent saas\autoai-builder\.venv\Lib\site-packages\sklearn\metrics\_regression.py:1288: UndefinedMetricWarning: R^2 score is not well-defined with less than two samples.
  warnings.warn(msg, UndefinedMetricWarning)
G:\ai agent saas\autoai-builder\.venv\Lib\site-packages\sklearn\metrics\_regression.py:1288: UndefinedMetricWarning: R^2 score is not well-defined with less than two samples.
  warnings.warn(msg, UndefinedMetricWarning)
G:\ai agent saas\autoai-builder\.venv\Lib\site-packages\sklearn\metrics\_regression.py:1288: UndefinedMetricWarning: R^2 score is not well-defined with less than two samples.
  warnings.warn(msg, UndefinedMetricWarning)
G:\ai agent saas\autoai-builder\.venv\Lib\site-packages\sklearn\metrics\_regression.py:1288: UndefinedMetricWarning: R^2 score is not well-defined with less than two samples.
  warnings.warn(msg, UndefinedMetricWarning)
G:\ai agent saas\autoai-builder\.venv\Lib\site-packages\sklearn\metrics\_regression.py:1288: UndefinedMetricWarning: R^2 score is not well-defined with less than two samples.
  warnings.warn(msg, UndefinedMetricWarning)
G:\ai agent saas\autoai-builder\.venv\Lib\site-packages\sklearn\metrics\_regression.py:1288: UndefinedMetricWarning: R^2 score is not well-defined with less than two samples.
  warnings.warn(msg, UndefinedMetricWarning)
G:\ai agent saas\autoai-builder\.venv\Lib\site-packages\sklearn\metrics\_regression.py:1288: UndefinedMetricWarning: R^2 score is not well-defined with less than two samples.
  warnings.warn(msg, UndefinedMetricWarning)
G:\ai agent saas\autoai-builder\.venv\Lib\site-packages\sklearn\metrics\_regression.py:1288: UndefinedMetricWarning: R^2 score is not well-defined with less than two samples.
  warnings.warn(msg, UndefinedMetricWarning)
G:\ai agent saas\autoai-builder\.venv\Lib\site-packages\sklearn\metrics\_regression.py:1288: UndefinedMetricWarning: R^2 score is not well-defined with less than two samples.
  warnings.warn(msg, UndefinedMetricWarning)
G:\ai agent saas\autoai-builder\.venv\Lib\site-packages\sklearn\metrics\_regression.py:1288: UndefinedMetricWarning: R^2 score is not well-defined with less than two samples.
  warnings.warn(msg, UndefinedMetricWarning)
G:\ai agent saas\autoai-builder\.venv\Lib\site-packages\sklearn\metrics\_regression.py:1288: UndefinedMetricWarning: R^2 score is not well-defined with less than two samples.
  warnings.warn(msg, UndefinedMetricWarning)
G:\ai agent saas\autoai-builder\.venv\Lib\site-packages\sklearn\metrics\_regression.py:1288: UndefinedMetricWarning: R^2 score is not well-defined with less than two samples.
  warnings.warn(msg, UndefinedMetricWarning)
G:\ai agent saas\autoai-builder\.venv\Lib\site-packages\sklearn\metrics\_regression.py:1288: UndefinedMetricWarning: R^2 score is not well-defined with less than two samples.
  warnings.warn(msg, UndefinedMetricWarning)
G:\ai agent saas\autoai-builder\.venv\Lib\site-packages\sklearn\metrics\_regression.py:1288: UndefinedMetricWarning: R^2 score is not well-defined with less than two samples.
  warnings.warn(msg, UndefinedMetricWarning)
G:\ai agent saas\autoai-builder\.venv\Lib\site-packages\sklearn\metrics\_regression.py:1288: UndefinedMetricWarning: R^2 score is not well-defined with less than two samples.
  warnings.warn(msg, UndefinedMetricWarning)
G:\ai agent saas\autoai-builder\.venv\Lib\site-packages\sklearn\metrics\_regression.py:1288: UndefinedMetricWarning: R^2 score is not well-defined with less than two samples.
  warnings.warn(msg, UndefinedMetricWarning)
G:\ai agent saas\autoai-builder\.venv\Lib\site-packages\sklearn\metrics\_regression.py:1288: UndefinedMetricWarning: R^2 score is not well-defined with less than two samples.
  warnings.warn(msg, UndefinedMetricWarning)
G:\ai agent saas\autoai-builder\.venv\Lib\site-packages\sklearn\metrics\_regression.py:1288: UndefinedMetricWarning: R^2 score is not well-defined with less than two samples.
  warnings.warn(msg, UndefinedMetricWarning)
ERROR:    Exception in ASGI application
Traceback (most recent call last):
  File "G:\ai agent saas\autoai-builder\.venv\Lib\site-packages\sqlalchemy\engine\base.py", line 1967, in _exec_single_context
    self.dialect.do_execute(
  File "G:\ai agent saas\autoai-builder\.venv\Lib\site-packages\sqlalchemy\engine\default.py", line 952, in do_execute
    cursor.execute(statement, parameters)
psycopg2.errors.CheckViolation: new row for relation "agent_runs" violates check constraint "ck_agent_runs_status"
DETAIL:  Failing row contains (87f9508e-d748-4d1c-bd70-754bd7318f8e, 0c6e9290-c2ca-4556-b6b9-2f4b612ae15f, stopped, 1, 6, 0.001, null, 2026-03-02 08:53:10.342993+00, 2026-03-02 08:53:13.617662+00, null, 2026-03-02 08:53:10.339749+00).


The above exception was the direct cause of the following exception:

Traceback (most recent call last):
  File "G:\ai agent saas\autoai-builder\.venv\Lib\site-packages\uvicorn\protocols\http\h11_impl.py", line 410, in run_asgi
    result = await app(  # type: ignore[func-returns-value]
             ^^^^^^^^^^^^^^^^^^^^^^^^^^^^^^^^^^^^^^^^^^^^^^
  File "G:\ai agent saas\autoai-builder\.venv\Lib\site-packages\uvicorn\middleware\proxy_headers.py", line 60, in __call__
    return await self.app(scope, receive, send)
           ^^^^^^^^^^^^^^^^^^^^^^^^^^^^^^^^^^^^
  File "G:\ai agent saas\autoai-builder\.venv\Lib\site-packages\fastapi\applications.py", line 1160, in __call__
    await super().__call__(scope, receive, send)
  File "G:\ai agent saas\autoai-builder\.venv\Lib\site-packages\starlette\applications.py", line 107, in __call__
    await self.middleware_stack(scope, receive, send)
  File "G:\ai agent saas\autoai-builder\.venv\Lib\site-packages\starlette\middleware\errors.py", line 186, in __call__
    raise exc
  File "G:\ai agent saas\autoai-builder\.venv\Lib\site-packages\starlette\middleware\errors.py", line 164, in __call__
    await self.app(scope, receive, _send)
  File "G:\ai agent saas\autoai-builder\.venv\Lib\site-packages\starlette\middleware\exceptions.py", line 63, in __call__
    await wrap_app_handling_exceptions(self.app, conn)(scope, receive, send)
  File "G:\ai agent saas\autoai-builder\.venv\Lib\site-packages\starlette\_exception_handler.py", line 53, in wrapped_app
    raise exc
  File "G:\ai agent saas\autoai-builder\.venv\Lib\site-packages\starlette\_exception_handler.py", line 42, in wrapped_app
    await app(scope, receive, sender)
  File "G:\ai agent saas\autoai-builder\.venv\Lib\site-packages\fastapi\middleware\asyncexitstack.py", line 18, in __call__
    await self.app(scope, receive, send)
  File "G:\ai agent saas\autoai-builder\.venv\Lib\site-packages\starlette\routing.py", line 716, in __call__
    await self.middleware_stack(scope, receive, send)
  File "G:\ai agent saas\autoai-builder\.venv\Lib\site-packages\starlette\routing.py", line 736, in app
    await route.handle(scope, receive, send)
  File "G:\ai agent saas\autoai-builder\.venv\Lib\site-packages\starlette\routing.py", line 290, in handle
    await self.app(scope, receive, send)
  File "G:\ai agent saas\autoai-builder\.venv\Lib\site-packages\fastapi\routing.py", line 129, in app
    await wrap_app_handling_exceptions(app, request)(scope, receive, send)
  File "G:\ai agent saas\autoai-builder\.venv\Lib\site-packages\starlette\_exception_handler.py", line 53, in wrapped_app
    raise exc
  File "G:\ai agent saas\autoai-builder\.venv\Lib\site-packages\starlette\_exception_handler.py", line 42, in wrapped_app
    await app(scope, receive, sender)
  File "C:\Users\Win10\AppData\Local\Programs\Python\Python311\Lib\contextlib.py", line 222, in __aexit__
    await self.gen.athrow(typ, value, traceback)
  File "G:\ai agent saas\autoai-builder\.venv\Lib\site-packages\fastapi\concurrency.py", line 37, in contextmanager_in_threadpool
    raise e
  File "G:\ai agent saas\autoai-builder\.venv\Lib\site-packages\fastapi\concurrency.py", line 29, in contextmanager_in_threadpool
    yield await run_in_threadpool(cm.__enter__)
  File "G:\ai agent saas\autoai-builder\.venv\Lib\site-packages\fastapi\routing.py", line 115, in app
    response = await f(request)
               ^^^^^^^^^^^^^^^^
  File "G:\ai agent saas\autoai-builder\.venv\Lib\site-packages\fastapi\routing.py", line 630, in app
    raw_response = await run_endpoint_function(
                   ^^^^^^^^^^^^^^^^^^^^^^^^^^^^
  File "G:\ai agent saas\autoai-builder\.venv\Lib\site-packages\fastapi\routing.py", line 325, in run_endpoint_function
    return await run_in_threadpool(dependant.call, **values)
           ^^^^^^^^^^^^^^^^^^^^^^^^^^^^^^^^^^^^^^^^^^^^^^^^^
  File "G:\ai agent saas\autoai-builder\.venv\Lib\site-packages\starlette\concurrency.py", line 32, in run_in_threadpool
    return await anyio.to_thread.run_sync(func)
           ^^^^^^^^^^^^^^^^^^^^^^^^^^^^^^^^^^^^
  File "G:\ai agent saas\autoai-builder\.venv\Lib\site-packages\anyio\to_thread.py", line 63, in run_sync
    return await get_async_backend().run_sync_in_worker_thread(
           ^^^^^^^^^^^^^^^^^^^^^^^^^^^^^^^^^^^^^^^^^^^^^^^^^^^^
  File "G:\ai agent saas\autoai-builder\.venv\Lib\site-packages\anyio\_backends\_asyncio.py", line 2502, in run_sync_in_worker_thread
    return await future
           ^^^^^^^^^^^^
  File "G:\ai agent saas\autoai-builder\.venv\Lib\site-packages\anyio\_backends\_asyncio.py", line 986, in run
    result = context.run(func, *args)
             ^^^^^^^^^^^^^^^^^^^^^^^^
  File "G:\ai agent saas\autoai-builder\backend\main.py", line 1420, in stop_agent
    db.commit()
  File "G:\ai agent saas\autoai-builder\.venv\Lib\site-packages\sqlalchemy\orm\session.py", line 2030, in commit
    trans.commit(_to_root=True)
  File "<string>", line 2, in commit
  File "G:\ai agent saas\autoai-builder\.venv\Lib\site-packages\sqlalchemy\orm\state_changes.py", line 137, in _go
    ret_value = fn(self, *arg, **kw)
                ^^^^^^^^^^^^^^^^^^^^
  File "G:\ai agent saas\autoai-builder\.venv\Lib\site-packages\sqlalchemy\orm\session.py", line 1311, in commit
    self._prepare_impl()
  File "<string>", line 2, in _prepare_impl
  File "G:\ai agent saas\autoai-builder\.venv\Lib\site-packages\sqlalchemy\orm\state_changes.py", line 137, in _go
    ret_value = fn(self, *arg, **kw)
                ^^^^^^^^^^^^^^^^^^^^
  File "G:\ai agent saas\autoai-builder\.venv\Lib\site-packages\sqlalchemy\orm\session.py", line 1286, in _prepare_impl
    self.session.flush()
  File "G:\ai agent saas\autoai-builder\.venv\Lib\site-packages\sqlalchemy\orm\session.py", line 4331, in flush
    self._flush(objects)
  File "G:\ai agent saas\autoai-builder\.venv\Lib\site-packages\sqlalchemy\orm\session.py", line 4466, in _flush
    with util.safe_reraise():
  File "G:\ai agent saas\autoai-builder\.venv\Lib\site-packages\sqlalchemy\util\langhelpers.py", line 121, in __exit__
    raise exc_value.with_traceback(exc_tb)
  File "G:\ai agent saas\autoai-builder\.venv\Lib\site-packages\sqlalchemy\orm\session.py", line 4427, in _flush
    flush_context.execute()
  File "G:\ai agent saas\autoai-builder\.venv\Lib\site-packages\sqlalchemy\orm\unitofwork.py", line 466, in execute
    rec.execute(self)
  File "G:\ai agent saas\autoai-builder\.venv\Lib\site-packages\sqlalchemy\orm\unitofwork.py", line 642, in execute
    util.preloaded.orm_persistence.save_obj(
  File "G:\ai agent saas\autoai-builder\.venv\Lib\site-packages\sqlalchemy\orm\persistence.py", line 85, in save_obj
    _emit_update_statements(
  File "G:\ai agent saas\autoai-builder\.venv\Lib\site-packages\sqlalchemy\orm\persistence.py", line 912, in _emit_update_statements
    c = connection.execute(
        ^^^^^^^^^^^^^^^^^^^
  File "G:\ai agent saas\autoai-builder\.venv\Lib\site-packages\sqlalchemy\engine\base.py", line 1419, in execute
    return meth(
           ^^^^^
  File "G:\ai agent saas\autoai-builder\.venv\Lib\site-packages\sqlalchemy\sql\elements.py", line 527, in _execute_on_connection
    return connection._execute_clauseelement(
           ^^^^^^^^^^^^^^^^^^^^^^^^^^^^^^^^^^
  File "G:\ai agent saas\autoai-builder\.venv\Lib\site-packages\sqlalchemy\engine\base.py", line 1641, in _execute_clauseelement
    ret = self._execute_context(
          ^^^^^^^^^^^^^^^^^^^^^^
  File "G:\ai agent saas\autoai-builder\.venv\Lib\site-packages\sqlalchemy\engine\base.py", line 1846, in _execute_context
    return self._exec_single_context(
           ^^^^^^^^^^^^^^^^^^^^^^^^^^
  File "G:\ai agent saas\autoai-builder\.venv\Lib\site-packages\sqlalchemy\engine\base.py", line 1986, in _exec_single_context
    self._handle_dbapi_exception(
  File "G:\ai agent saas\autoai-builder\.venv\Lib\site-packages\sqlalchemy\engine\base.py", line 2363, in _handle_dbapi_exception
    raise sqlalchemy_exception.with_traceback(exc_info[2]) from e
  File "G:\ai agent saas\autoai-builder\.venv\Lib\site-packages\sqlalchemy\engine\base.py", line 1967, in _exec_single_context
    self.dialect.do_execute(
  File "G:\ai agent saas\autoai-builder\.venv\Lib\site-packages\sqlalchemy\engine\default.py", line 952, in do_execute
    cursor.execute(statement, parameters)
sqlalchemy.exc.IntegrityError: (psycopg2.errors.CheckViolation) new row for relation "agent_runs" violates check constraint "ck_agent_runs_status"
DETAIL:  Failing row contains (87f9508e-d748-4d1c-bd70-754bd7318f8e, 0c6e9290-c2ca-4556-b6b9-2f4b612ae15f, stopped, 1, 6, 0.001, null, 2026-03-02 08:53:10.342993+00, 2026-03-02 08:53:13.617662+00, null, 2026-03-02 08:53:10.339749+00).

[SQL: UPDATE agent_runs SET status=%(status)s, completed_at=%(completed_at)s WHERE agent_runs.id = %(agent_runs_id)s::UUID]
[parameters: {'status': 'stopped', 'completed_at': datetime.datetime(2026, 3, 2, 8, 53, 13, 617662, tzinfo=datetime.timezone.utc), 'agent_runs_id': UUID('87f9508e-d748-4d1c-bd70-754bd7318f8e')}]
(Background on this error at: https://sqlalche.me/e/20/gkpj)
G:\ai agent saas\autoai-builder\.venv\Lib\site-packages\sklearn\metrics\_regression.py:1288: UndefinedMetricWarning: R^2 score is not well-defined with less than two samples.
  warnings.warn(msg, UndefinedMetricWarning)
G:\ai agent saas\autoai-builder\.venv\Lib\site-packages\sklearn\metrics\_regression.py:1288: UndefinedMetricWarning: R^2 score is not well-defined with less than two samples.
  warnings.warn(msg, UndefinedMetricWarning)
G:\ai agent saas\autoai-builder\.venv\Lib\site-packages\sklearn\metrics\_regression.py:1288: UndefinedMetricWarning: R^2 score is not well-defined with less than two samples.
  warnings.warn(msg, UndefinedMetricWarning)
G:\ai agent saas\autoai-builder\.venv\Lib\site-packages\sklearn\metrics\_regression.py:1288: UndefinedMetricWarning: R^2 score is not well-defined with less than two samples.
  warnings.warn(msg, UndefinedMetricWarning)
G:\ai agent saas\autoai-builder\.venv\Lib\site-packages\sklearn\metrics\_regression.py:1288: UndefinedMetricWarning: R^2 score is not well-defined with less than two samples.
  warnings.warn(msg, UndefinedMetricWarning)
G:\ai agent saas\autoai-builder\.venv\Lib\site-packages\sklearn\metrics\_regression.py:1288: UndefinedMetricWarning: R^2 score is not well-defined with less than two samples.
  warnings.warn(msg, UndefinedMetricWarning)
G:\ai agent saas\autoai-builder\.venv\Lib\site-packages\sklearn\metrics\_regression.py:1288: UndefinedMetricWarning: R^2 score is not well-defined with less than two samples.
  warnings.warn(msg, UndefinedMetricWarning)
G:\ai agent saas\autoai-builder\.venv\Lib\site-packages\sklearn\metrics\_regression.py:1288: UndefinedMetricWarning: R^2 score is not well-defined with less than two samples.
  warnings.warn(msg, UndefinedMetricWarning)
G:\ai agent saas\autoai-builder\.venv\Lib\site-packages\sklearn\metrics\_regression.py:1288: UndefinedMetricWarning: R^2 score is not well-defined with less than two samples.
  warnings.warn(msg, UndefinedMetricWarning)
G:\ai agent saas\autoai-builder\.venv\Lib\site-packages\sklearn\metrics\_regression.py:1288: UndefinedMetricWarning: R^2 score is not well-defined with less than two samples.
  warnings.warn(msg, UndefinedMetricWarning)
G:\ai agent saas\autoai-builder\.venv\Lib\site-packages\sklearn\metrics\_regression.py:1288: UndefinedMetricWarning: R^2 score is not well-defined with less than two samples.
  warnings.warn(msg, UndefinedMetricWarning)
G:\ai agent saas\autoai-builder\.venv\Lib\site-packages\sklearn\metrics\_regression.py:1288: UndefinedMetricWarning: R^2 score is not well-defined with less than two samples.
  warnings.warn(msg, UndefinedMetricWarning)
G:\ai agent saas\autoai-builder\.venv\Lib\site-packages\sklearn\metrics\_regression.py:1288: UndefinedMetricWarning: R^2 score is not well-defined with less than two samples.
  warnings.warn(msg, UndefinedMetricWarning)
G:\ai agent saas\autoai-builder\.venv\Lib\site-packages\sklearn\metrics\_regression.py:1288: UndefinedMetricWarning: R^2 score is not well-defined with less than two samples.
  warnings.warn(msg, UndefinedMetricWarning)
G:\ai agent saas\autoai-builder\.venv\Lib\site-packages\sklearn\metrics\_regression.py:1288: UndefinedMetricWarning: R^2 score is not well-defined with less than two samples.
  warnings.warn(msg, UndefinedMetricWarning)
G:\ai agent saas\autoai-builder\.venv\Lib\site-packages\sklearn\metrics\_regression.py:1288: UndefinedMetricWarning: R^2 score is not well-defined with less than two samples.
  warnings.warn(msg, UndefinedMetricWarning)
G:\ai agent saas\autoai-builder\.venv\Lib\site-packages\sklearn\metrics\_regression.py:1288: UndefinedMetricWarning: R^2 score is not well-defined with less than two samples.
  warnings.warn(msg, UndefinedMetricWarning)
G:\ai agent saas\autoai-builder\.venv\Lib\site-packages\sklearn\metrics\_regression.py:1288: UndefinedMetricWarning: R^2 score is not well-defined with less than two samples.
  warnings.warn(msg, UndefinedMetricWarning)
G:\ai agent saas\autoai-builder\.venv\Lib\site-packages\sklearn\metrics\_regression.py:1288: UndefinedMetricWarning: R^2 score is not well-defined with less than two samples.
  warnings.warn(msg, UndefinedMetricWarning)
G:\ai agent saas\autoai-builder\.venv\Lib\site-packages\sklearn\metrics\_regression.py:1288: UndefinedMetricWarning: R^2 score is not well-defined with less than two samples.
  warnings.warn(msg, UndefinedMetricWarning)
G:\ai agent saas\autoai-builder\.venv\Lib\site-packages\sklearn\metrics\_regression.py:1288: UndefinedMetricWarning: R^2 score is not well-defined with less than two samples.
  warnings.warn(msg, UndefinedMetricWarning)
G:\ai agent saas\autoai-builder\.venv\Lib\site-packages\sklearn\metrics\_regression.py:1288: UndefinedMetricWarning: R^2 score is not well-defined with less than two samples.
  warnings.warn(msg, UndefinedMetricWarning)
G:\ai agent saas\autoai-builder\.venv\Lib\site-packages\sklearn\metrics\_regression.py:1288: UndefinedMetricWarning: R^2 score is not well-defined with less than two samples.
  warnings.warn(msg, UndefinedMetricWarning)
G:\ai agent saas\autoai-builder\.venv\Lib\site-packages\sklearn\metrics\_regression.py:1288: UndefinedMetricWarning: R^2 score is not well-defined with less than two samples.
  warnings.warn(msg, UndefinedMetricWarning)
G:\ai agent saas\autoai-builder\.venv\Lib\site-packages\sklearn\metrics\_regression.py:1288: UndefinedMetricWarning: R^2 score is not well-defined with less than two samples.
  warnings.warn(msg, UndefinedMetricWarning)
G:\ai agent saas\autoai-builder\.venv\Lib\site-packages\sklearn\metrics\_regression.py:1288: UndefinedMetricWarning: R^2 score is not well-defined with less than two samples.
  warnings.warn(msg, UndefinedMetricWarning)
G:\ai agent saas\autoai-builder\.venv\Lib\site-packages\sklearn\metrics\_regression.py:1288: UndefinedMetricWarning: R^2 score is not well-defined with less than two samples.
  warnings.warn(msg, UndefinedMetricWarning)
G:\ai agent saas\autoai-builder\.venv\Lib\site-packages\sklearn\metrics\_regression.py:1288: UndefinedMetricWarning: R^2 score is not well-defined with less than two samples.
  warnings.warn(msg, UndefinedMetricWarning)
G:\ai agent saas\autoai-builder\.venv\Lib\site-packages\sklearn\metrics\_regression.py:1288: UndefinedMetricWarning: R^2 score is not well-defined with less than two samples.
  warnings.warn(msg, UndefinedMetricWarning)
G:\ai agent saas\autoai-builder\.venv\Lib\site-packages\sklearn\metrics\_regression.py:1288: UndefinedMetricWarning: R^2 score is not well-defined with less than two samples.
  warnings.warn(msg, UndefinedMetricWarning)
G:\ai agent saas\autoai-builder\.venv\Lib\site-packages\sklearn\metrics\_regression.py:1288: UndefinedMetricWarning: R^2 score is not well-defined with less than two samples.
  warnings.warn(msg, UndefinedMetricWarning)
G:\ai agent saas\autoai-builder\.venv\Lib\site-packages\sklearn\metrics\_regression.py:1288: UndefinedMetricWarning: R^2 score is not well-defined with less than two samples.
  warnings.warn(msg, UndefinedMetricWarning)
G:\ai agent saas\autoai-builder\.venv\Lib\site-packages\sklearn\metrics\_regression.py:1288: UndefinedMetricWarning: R^2 score is not well-defined with less than two samples.
  warnings.warn(msg, UndefinedMetricWarning)
G:\ai agent saas\autoai-builder\.venv\Lib\site-packages\sklearn\metrics\_regression.py:1288: UndefinedMetricWarning: R^2 score is not well-defined with less than two samples.
  warnings.warn(msg, UndefinedMetricWarning)
G:\ai agent saas\autoai-builder\.venv\Lib\site-packages\sklearn\metrics\_regression.py:1288: UndefinedMetricWarning: R^2 score is not well-defined with less than two samples.
  warnings.warn(msg, UndefinedMetricWarning)
G:\ai agent saas\autoai-builder\.venv\Lib\site-packages\sklearn\metrics\_regression.py:1288: UndefinedMetricWarning: R^2 score is not well-defined with less than two samples.
  warnings.warn(msg, UndefinedMetricWarning)
G:\ai agent saas\autoai-builder\.venv\Lib\site-packages\sklearn\metrics\_regression.py:1288: UndefinedMetricWarning: R^2 score is not well-defined with less than two samples.
  warnings.warn(msg, UndefinedMetricWarning)
G:\ai agent saas\autoai-builder\.venv\Lib\site-packages\sklearn\metrics\_regression.py:1288: UndefinedMetricWarning: R^2 score is not well-defined with less than two samples.
  warnings.warn(msg, UndefinedMetricWarning)
G:\ai agent saas\autoai-builder\.venv\Lib\site-packages\sklearn\metrics\_regression.py:1288: UndefinedMetricWarning: R^2 score is not well-defined with less than two samples.
  warnings.warn(msg, UndefinedMetricWarning)
G:\ai agent saas\autoai-builder\.venv\Lib\site-packages\sklearn\metrics\_regression.py:1288: UndefinedMetricWarning: R^2 score is not well-defined with less than two samples.
  warnings.warn(msg, UndefinedMetricWarning)
G:\ai agent saas\autoai-builder\.venv\Lib\site-packages\sklearn\metrics\_regression.py:1288: UndefinedMetricWarning: R^2 score is not well-defined with less than two samples.
  warnings.warn(msg, UndefinedMetricWarning)
G:\ai agent saas\autoai-builder\.venv\Lib\site-packages\sklearn\metrics\_regression.py:1288: UndefinedMetricWarning: R^2 score is not well-defined with less than two samples.
  warnings.warn(msg, UndefinedMetricWarning)
G:\ai agent saas\autoai-builder\.venv\Lib\site-packages\sklearn\metrics\_regression.py:1288: UndefinedMetricWarning: R^2 score is not well-defined with less than two samples.
  warnings.warn(msg, UndefinedMetricWarning)
G:\ai agent saas\autoai-builder\.venv\Lib\site-packages\sklearn\metrics\_regression.py:1288: UndefinedMetricWarning: R^2 score is not well-defined with less than two samples.
  warnings.warn(msg, UndefinedMetricWarning)
G:\ai agent saas\autoai-builder\.venv\Lib\site-packages\sklearn\metrics\_regression.py:1288: UndefinedMetricWarning: R^2 score is not well-defined with less than two samples.
  warnings.warn(msg, UndefinedMetricWarning)
G:\ai agent saas\autoai-builder\.venv\Lib\site-packages\sklearn\metrics\_regression.py:1288: UndefinedMetricWarning: R^2 score is not well-defined with less than two samples.
  warnings.warn(msg, UndefinedMetricWarning)
G:\ai agent saas\autoai-builder\.venv\Lib\site-packages\sklearn\metrics\_regression.py:1288: UndefinedMetricWarning: R^2 score is not well-defined with less than two samples.
  warnings.warn(msg, UndefinedMetricWarning)
G:\ai agent saas\autoai-builder\.venv\Lib\site-packages\sklearn\metrics\_regression.py:1288: UndefinedMetricWarning: R^2 score is not well-defined with less than two samples.
  warnings.warn(msg, UndefinedMetricWarning)
G:\ai agent saas\autoai-builder\.venv\Lib\site-packages\sklearn\metrics\_regression.py:1288: UndefinedMetricWarning: R^2 score is not well-defined with less than two samples.
  warnings.warn(msg, UndefinedMetricWarning)
G:\ai agent saas\autoai-builder\.venv\Lib\site-packages\sklearn\metrics\_regression.py:1288: UndefinedMetricWarning: R^2 score is not well-defined with less than two samples.
  warnings.warn(msg, UndefinedMetricWarning)
G:\ai agent saas\autoai-builder\.venv\Lib\site-packages\sklearn\metrics\_regression.py:1288: UndefinedMetricWarning: R^2 score is not well-defined with less than two samples.
  warnings.warn(msg, UndefinedMetricWarning)
G:\ai agent saas\autoai-builder\.venv\Lib\site-packages\sklearn\metrics\_regression.py:1288: UndefinedMetricWarning: R^2 score is not well-defined with less than two samples.
  warnings.warn(msg, UndefinedMetricWarning)
G:\ai agent saas\autoai-builder\.venv\Lib\site-packages\sklearn\metrics\_regression.py:1288: UndefinedMetricWarning: R^2 score is not well-defined with less than two samples.
  warnings.warn(msg, UndefinedMetricWarning)
G:\ai agent saas\autoai-builder\.venv\Lib\site-packages\sklearn\metrics\_regression.py:1288: UndefinedMetricWarning: R^2 score is not well-defined with less than two samples.
  warnings.warn(msg, UndefinedMetricWarning)
G:\ai agent saas\autoai-builder\.venv\Lib\site-packages\sklearn\metrics\_regression.py:1288: UndefinedMetricWarning: R^2 score is not well-defined with less than two samples.
  warnings.warn(msg, UndefinedMetricWarning)
G:\ai agent saas\autoai-builder\.venv\Lib\site-packages\sklearn\metrics\_regression.py:1288: UndefinedMetricWarning: R^2 score is not well-defined with less than two samples.
  warnings.warn(msg, UndefinedMetricWarning)
G:\ai agent saas\autoai-builder\.venv\Lib\site-packages\sklearn\metrics\_regression.py:1288: UndefinedMetricWarning: R^2 score is not well-defined with less than two samples.
  warnings.warn(msg, UndefinedMetricWarning)
G:\ai agent saas\autoai-builder\.venv\Lib\site-packages\sklearn\metrics\_regression.py:1288: UndefinedMetricWarning: R^2 score is not well-defined with less than two samples.
  warnings.warn(msg, UndefinedMetricWarning)
G:\ai agent saas\autoai-builder\.venv\Lib\site-packages\sklearn\metrics\_regression.py:1288: UndefinedMetricWarning: R^2 score is not well-defined with less than two samples.
  warnings.warn(msg, UndefinedMetricWarning)
G:\ai agent saas\autoai-builder\.venv\Lib\site-packages\sklearn\metrics\_regression.py:1288: UndefinedMetricWarning: R^2 score is not well-defined with less than two samples.
  warnings.warn(msg, UndefinedMetricWarning)
G:\ai agent saas\autoai-builder\.venv\Lib\site-packages\sklearn\metrics\_regression.py:1288: UndefinedMetricWarning: R^2 score is not well-defined with less than two samples.
  warnings.warn(msg, UndefinedMetricWarning)
G:\ai agent saas\autoai-builder\.venv\Lib\site-packages\sklearn\metrics\_regression.py:1288: UndefinedMetricWarning: R^2 score is not well-defined with less than two samples.
  warnings.warn(msg, UndefinedMetricWarning)
G:\ai agent saas\autoai-builder\.venv\Lib\site-packages\sklearn\metrics\_regression.py:1288: UndefinedMetricWarning: R^2 score is not well-defined with less than two samples.
  warnings.warn(msg, UndefinedMetricWarning)
G:\ai agent saas\autoai-builder\.venv\Lib\site-packages\sklearn\metrics\_regression.py:1288: UndefinedMetricWarning: R^2 score is not well-defined with less than two samples.
  warnings.warn(msg, UndefinedMetricWarning)
G:\ai agent saas\autoai-builder\.venv\Lib\site-packages\sklearn\metrics\_regression.py:1288: UndefinedMetricWarning: R^2 score is not well-defined with less than two samples.
  warnings.warn(msg, UndefinedMetricWarning)
G:\ai agent saas\autoai-builder\.venv\Lib\site-packages\sklearn\metrics\_regression.py:1288: UndefinedMetricWarning: R^2 score is not well-defined with less than two samples.
  warnings.warn(msg, UndefinedMetricWarning)
G:\ai agent saas\autoai-builder\.venv\Lib\site-packages\sklearn\metrics\_regression.py:1288: UndefinedMetricWarning: R^2 score is not well-defined with less than two samples.
  warnings.warn(msg, UndefinedMetricWarning)
G:\ai agent saas\autoai-builder\.venv\Lib\site-packages\sklearn\metrics\_regression.py:1288: UndefinedMetricWarning: R^2 score is not well-defined with less than two samples.
  warnings.warn(msg, UndefinedMetricWarning)
G:\ai agent saas\autoai-builder\.venv\Lib\site-packages\sklearn\metrics\_regression.py:1288: UndefinedMetricWarning: R^2 score is not well-defined with less than two samples.
  warnings.warn(msg, UndefinedMetricWarning)
G:\ai agent saas\autoai-builder\.venv\Lib\site-packages\sklearn\metrics\_regression.py:1288: UndefinedMetricWarning: R^2 score is not well-defined with less than two samples.
  warnings.warn(msg, UndefinedMetricWarning)
G:\ai agent saas\autoai-builder\.venv\Lib\site-packages\sklearn\metrics\_regression.py:1288: UndefinedMetricWarning: R^2 score is not well-defined with less than two samples.
  warnings.warn(msg, UndefinedMetricWarning)
G:\ai agent saas\autoai-builder\.venv\Lib\site-packages\sklearn\metrics\_regression.py:1288: UndefinedMetricWarning: R^2 score is not well-defined with less than two samples.
  warnings.warn(msg, UndefinedMetricWarning)
G:\ai agent saas\autoai-builder\.venv\Lib\site-packages\sklearn\metrics\_regression.py:1288: UndefinedMetricWarning: R^2 score is not well-defined with less than two samples.
  warnings.warn(msg, UndefinedMetricWarning)
G:\ai agent saas\autoai-builder\.venv\Lib\site-packages\sklearn\metrics\_regression.py:1288: UndefinedMetricWarning: R^2 score is not well-defined with less than two samples.
  warnings.warn(msg, UndefinedMetricWarning)
G:\ai agent saas\autoai-builder\.venv\Lib\site-packages\sklearn\metrics\_regression.py:1288: UndefinedMetricWarning: R^2 score is not well-defined with less than two samples.
  warnings.warn(msg, UndefinedMetricWarning)
G:\ai agent saas\autoai-builder\.venv\Lib\site-packages\sklearn\metrics\_regression.py:1288: UndefinedMetricWarning: R^2 score is not well-defined with less than two samples.
  warnings.warn(msg, UndefinedMetricWarning)
G:\ai agent saas\autoai-builder\.venv\Lib\site-packages\sklearn\metrics\_regression.py:1288: UndefinedMetricWarning: R^2 score is not well-defined with less than two samples.
  warnings.warn(msg, UndefinedMetricWarning)
G:\ai agent saas\autoai-builder\.venv\Lib\site-packages\sklearn\metrics\_regression.py:1288: UndefinedMetricWarning: R^2 score is not well-defined with less than two samples.
  warnings.warn(msg, UndefinedMetricWarning)
G:\ai agent saas\autoai-builder\.venv\Lib\site-packages\sklearn\metrics\_regression.py:1288: UndefinedMetricWarning: R^2 score is not well-defined with less than two samples.
  warnings.warn(msg, UndefinedMetricWarning)
G:\ai agent saas\autoai-builder\.venv\Lib\site-packages\sklearn\metrics\_regression.py:1288: UndefinedMetricWarning: R^2 score is not well-defined with less than two samples.
  warnings.warn(msg, UndefinedMetricWarning)
G:\ai agent saas\autoai-builder\.venv\Lib\site-packages\sklearn\metrics\_regression.py:1288: UndefinedMetricWarning: R^2 score is not well-defined with less than two samples.
  warnings.warn(msg, UndefinedMetricWarning)
G:\ai agent saas\autoai-builder\.venv\Lib\site-packages\sklearn\metrics\_regression.py:1288: UndefinedMetricWarning: R^2 score is not well-defined with less than two samples.
  warnings.warn(msg, UndefinedMetricWarning)
G:\ai agent saas\autoai-builder\.venv\Lib\site-packages\sklearn\metrics\_regression.py:1288: UndefinedMetricWarning: R^2 score is not well-defined with less than two samples.
  warnings.warn(msg, UndefinedMetricWarning)
G:\ai agent saas\autoai-builder\.venv\Lib\site-packages\sklearn\metrics\_regression.py:1288: UndefinedMetricWarning: R^2 score is not well-defined with less than two samples.
  warnings.warn(msg, UndefinedMetricWarning)
G:\ai agent saas\autoai-builder\.venv\Lib\site-packages\sklearn\metrics\_regression.py:1288: UndefinedMetricWarning: R^2 score is not well-defined with less than two samples.
  warnings.warn(msg, UndefinedMetricWarning)
G:\ai agent saas\autoai-builder\.venv\Lib\site-packages\sklearn\metrics\_regression.py:1288: UndefinedMetricWarning: R^2 score is not well-defined with less than two samples.
  warnings.warn(msg, UndefinedMetricWarning)
G:\ai agent saas\autoai-builder\.venv\Lib\site-packages\sklearn\metrics\_regression.py:1288: UndefinedMetricWarning: R^2 score is not well-defined with less than two samples.
  warnings.warn(msg, UndefinedMetricWarning)
G:\ai agent saas\autoai-builder\.venv\Lib\site-packages\sklearn\metrics\_regression.py:1288: UndefinedMetricWarning: R^2 score is not well-defined with less than two samples.
  warnings.warn(msg, UndefinedMetricWarning)
G:\ai agent saas\autoai-builder\.venv\Lib\site-packages\sklearn\metrics\_regression.py:1288: UndefinedMetricWarning: R^2 score is not well-defined with less than two samples.
  warnings.warn(msg, UndefinedMetricWarning)
G:\ai agent saas\autoai-builder\.venv\Lib\site-packages\sklearn\metrics\_regression.py:1288: UndefinedMetricWarning: R^2 score is not well-defined with less than two samples.
  warnings.warn(msg, UndefinedMetricWarning)
G:\ai agent saas\autoai-builder\.venv\Lib\site-packages\sklearn\metrics\_regression.py:1288: UndefinedMetricWarning: R^2 score is not well-defined with less than two samples.
  warnings.warn(msg, UndefinedMetricWarning)
G:\ai agent saas\autoai-builder\.venv\Lib\site-packages\sklearn\metrics\_regression.py:1288: UndefinedMetricWarning: R^2 score is not well-defined with less than two samples.
  warnings.warn(msg, UndefinedMetricWarning)
G:\ai agent saas\autoai-builder\.venv\Lib\site-packages\sklearn\metrics\_regression.py:1288: UndefinedMetricWarning: R^2 score is not well-defined with less than two samples.
  warnings.warn(msg, UndefinedMetricWarning)
G:\ai agent saas\autoai-builder\.venv\Lib\site-packages\sklearn\metrics\_regression.py:1288: UndefinedMetricWarning: R^2 score is not well-defined with less than two samples.
  warnings.warn(msg, UndefinedMetricWarning)
G:\ai agent saas\autoai-builder\.venv\Lib\site-packages\sklearn\metrics\_regression.py:1288: UndefinedMetricWarning: R^2 score is not well-defined with less than two samples.
  warnings.warn(msg, UndefinedMetricWarning)
G:\ai agent saas\autoai-builder\.venv\Lib\site-packages\sklearn\metrics\_regression.py:1288: UndefinedMetricWarning: R^2 score is not well-defined with less than two samples.
  warnings.warn(msg, UndefinedMetricWarning)
G:\ai agent saas\autoai-builder\.venv\Lib\site-packages\sklearn\metrics\_regression.py:1288: UndefinedMetricWarning: R^2 score is not well-defined with less than two samples.
  warnings.warn(msg, UndefinedMetricWarning)
G:\ai agent saas\autoai-builder\.venv\Lib\site-packages\sklearn\metrics\_regression.py:1288: UndefinedMetricWarning: R^2 score is not well-defined with less than two samples.
  warnings.warn(msg, UndefinedMetricWarning)
G:\ai agent saas\autoai-builder\.venv\Lib\site-packages\sklearn\metrics\_regression.py:1288: UndefinedMetricWarning: R^2 score is not well-defined with less than two samples.
  warnings.warn(msg, UndefinedMetricWarning)
G:\ai agent saas\autoai-builder\.venv\Lib\site-packages\sklearn\metrics\_regression.py:1288: UndefinedMetricWarning: R^2 score is not well-defined with less than two samples.
  warnings.warn(msg, UndefinedMetricWarning)
G:\ai agent saas\autoai-builder\.venv\Lib\site-packages\sklearn\metrics\_regression.py:1288: UndefinedMetricWarning: R^2 score is not well-defined with less than two samples.
  warnings.warn(msg, UndefinedMetricWarning)
G:\ai agent saas\autoai-builder\.venv\Lib\site-packages\sklearn\metrics\_regression.py:1288: UndefinedMetricWarning: R^2 score is not well-defined with less than two samples.
  warnings.warn(msg, UndefinedMetricWarning)
G:\ai agent saas\autoai-builder\.venv\Lib\site-packages\sklearn\metrics\_regression.py:1288: UndefinedMetricWarning: R^2 score is not well-defined with less than two samples.
  warnings.warn(msg, UndefinedMetricWarning)
G:\ai agent saas\autoai-builder\.venv\Lib\site-packages\sklearn\metrics\_regression.py:1288: UndefinedMetricWarning: R^2 score is not well-defined with less than two samples.
  warnings.warn(msg, UndefinedMetricWarning)
G:\ai agent saas\autoai-builder\.venv\Lib\site-packages\sklearn\metrics\_regression.py:1288: UndefinedMetricWarning: R^2 score is not well-defined with less than two samples.
  warnings.warn(msg, UndefinedMetricWarning)
G:\ai agent saas\autoai-builder\.venv\Lib\site-packages\sklearn\metrics\_regression.py:1288: UndefinedMetricWarning: R^2 score is not well-defined with less than two samples.
  warnings.warn(msg, UndefinedMetricWarning)
G:\ai agent saas\autoai-builder\.venv\Lib\site-packages\sklearn\metrics\_regression.py:1288: UndefinedMetricWarning: R^2 score is not well-defined with less than two samples.
  warnings.warn(msg, UndefinedMetricWarning)
G:\ai agent saas\autoai-builder\.venv\Lib\site-packages\sklearn\metrics\_regression.py:1288: UndefinedMetricWarning: R^2 score is not well-defined with less than two samples.
  warnings.warn(msg, UndefinedMetricWarning)
G:\ai agent saas\autoai-builder\.venv\Lib\site-packages\sklearn\metrics\_regression.py:1288: UndefinedMetricWarning: R^2 score is not well-defined with less than two samples.
  warnings.warn(msg, UndefinedMetricWarning)
G:\ai agent saas\autoai-builder\.venv\Lib\site-packages\sklearn\metrics\_regression.py:1288: UndefinedMetricWarning: R^2 score is not well-defined with less than two samples.
  warnings.warn(msg, UndefinedMetricWarning)
G:\ai agent saas\autoai-builder\.venv\Lib\site-packages\sklearn\metrics\_regression.py:1288: UndefinedMetricWarning: R^2 score is not well-defined with less than two samples.
  warnings.warn(msg, UndefinedMetricWarning)
G:\ai agent saas\autoai-builder\.venv\Lib\site-packages\sklearn\metrics\_regression.py:1288: UndefinedMetricWarning: R^2 score is not well-defined with less than two samples.
  warnings.warn(msg, UndefinedMetricWarning)
G:\ai agent saas\autoai-builder\.venv\Lib\site-packages\sklearn\metrics\_regression.py:1288: UndefinedMetricWarning: R^2 score is not well-defined with less than two samples.
  warnings.warn(msg, UndefinedMetricWarning)
G:\ai agent saas\autoai-builder\.venv\Lib\site-packages\sklearn\metrics\_regression.py:1288: UndefinedMetricWarning: R^2 score is not well-defined with less than two samples.
  warnings.warn(msg, UndefinedMetricWarning)
G:\ai agent saas\autoai-builder\.venv\Lib\site-packages\sklearn\metrics\_regression.py:1288: UndefinedMetricWarning: R^2 score is not well-defined with less than two samples.
  warnings.warn(msg, UndefinedMetricWarning)
G:\ai agent saas\autoai-builder\.venv\Lib\site-packages\sklearn\metrics\_regression.py:1288: UndefinedMetricWarning: R^2 score is not well-defined with less than two samples.
  warnings.warn(msg, UndefinedMetricWarning)
G:\ai agent saas\autoai-builder\.venv\Lib\site-packages\sklearn\metrics\_regression.py:1288: UndefinedMetricWarning: R^2 score is not well-defined with less than two samples.
  warnings.warn(msg, UndefinedMetricWarning)
G:\ai agent saas\autoai-builder\.venv\Lib\site-packages\sklearn\metrics\_regression.py:1288: UndefinedMetricWarning: R^2 score is not well-defined with less than two samples.
  warnings.warn(msg, UndefinedMetricWarning)
G:\ai agent saas\autoai-builder\.venv\Lib\site-packages\sklearn\metrics\_regression.py:1288: UndefinedMetricWarning: R^2 score is not well-defined with less than two samples.
  warnings.warn(msg, UndefinedMetricWarning)
G:\ai agent saas\autoai-builder\.venv\Lib\site-packages\sklearn\metrics\_regression.py:1288: UndefinedMetricWarning: R^2 score is not well-defined with less than two samples.
  warnings.warn(msg, UndefinedMetricWarning)
G:\ai agent saas\autoai-builder\.venv\Lib\site-packages\sklearn\metrics\_regression.py:1288: UndefinedMetricWarning: R^2 score is not well-defined with less than two samples.
  warnings.warn(msg, UndefinedMetricWarning)
G:\ai agent saas\autoai-builder\.venv\Lib\site-packages\sklearn\metrics\_regression.py:1288: UndefinedMetricWarning: R^2 score is not well-defined with less than two samples.
  warnings.warn(msg, UndefinedMetricWarning)
G:\ai agent saas\autoai-builder\.venv\Lib\site-packages\sklearn\metrics\_regression.py:1288: UndefinedMetricWarning: R^2 score is not well-defined with less than two samples.
  warnings.warn(msg, UndefinedMetricWarning)
G:\ai agent saas\autoai-builder\.venv\Lib\site-packages\sklearn\metrics\_regression.py:1288: UndefinedMetricWarning: R^2 score is not well-defined with less than two samples.
  warnings.warn(msg, UndefinedMetricWarning)
G:\ai agent saas\autoai-builder\.venv\Lib\site-packages\sklearn\metrics\_regression.py:1288: UndefinedMetricWarning: R^2 score is not well-defined with less than two samples.
  warnings.warn(msg, UndefinedMetricWarning)
G:\ai agent saas\autoai-builder\.venv\Lib\site-packages\sklearn\metrics\_regression.py:1288: UndefinedMetricWarning: R^2 score is not well-defined with less than two samples.
  warnings.warn(msg, UndefinedMetricWarning)
G:\ai agent saas\autoai-builder\.venv\Lib\site-packages\sklearn\metrics\_regression.py:1288: UndefinedMetricWarning: R^2 score is not well-defined with less than two samples.
  warnings.warn(msg, UndefinedMetricWarning)
G:\ai agent saas\autoai-builder\.venv\Lib\site-packages\sklearn\metrics\_regression.py:1288: UndefinedMetricWarning: R^2 score is not well-defined with less than two samples.
  warnings.warn(msg, UndefinedMetricWarning)
G:\ai agent saas\autoai-builder\.venv\Lib\site-packages\sklearn\metrics\_regression.py:1288: UndefinedMetricWarning: R^2 score is not well-defined with less than two samples.
  warnings.warn(msg, UndefinedMetricWarning)
G:\ai agent saas\autoai-builder\.venv\Lib\site-packages\sklearn\metrics\_regression.py:1288: UndefinedMetricWarning: R^2 score is not well-defined with less than two samples.
  warnings.warn(msg, UndefinedMetricWarning)
G:\ai agent saas\autoai-builder\.venv\Lib\site-packages\sklearn\metrics\_regression.py:1288: UndefinedMetricWarning: R^2 score is not well-defined with less than two samples.
  warnings.warn(msg, UndefinedMetricWarning)
G:\ai agent saas\autoai-builder\.venv\Lib\site-packages\sklearn\metrics\_regression.py:1288: UndefinedMetricWarning: R^2 score is not well-defined with less than two samples.
  warnings.warn(msg, UndefinedMetricWarning)
G:\ai agent saas\autoai-builder\.venv\Lib\site-packages\sklearn\metrics\_regression.py:1288: UndefinedMetricWarning: R^2 score is not well-defined with less than two samples.
  warnings.warn(msg, UndefinedMetricWarning)
G:\ai agent saas\autoai-builder\.venv\Lib\site-packages\sklearn\metrics\_regression.py:1288: UndefinedMetricWarning: R^2 score is not well-defined with less than two samples.
  warnings.warn(msg, UndefinedMetricWarning)
G:\ai agent saas\autoai-builder\.venv\Lib\site-packages\sklearn\metrics\_regression.py:1288: UndefinedMetricWarning: R^2 score is not well-defined with less than two samples.
  warnings.warn(msg, UndefinedMetricWarning)
G:\ai agent saas\autoai-builder\.venv\Lib\site-packages\sklearn\metrics\_regression.py:1288: UndefinedMetricWarning: R^2 score is not well-defined with less than two samples.
  warnings.warn(msg, UndefinedMetricWarning)
G:\ai agent saas\autoai-builder\.venv\Lib\site-packages\sklearn\metrics\_regression.py:1288: UndefinedMetricWarning: R^2 score is not well-defined with less than two samples.
  warnings.warn(msg, UndefinedMetricWarning)
G:\ai agent saas\autoai-builder\.venv\Lib\site-packages\sklearn\metrics\_regression.py:1288: UndefinedMetricWarning: R^2 score is not well-defined with less than two samples.
  warnings.warn(msg, UndefinedMetricWarning)
G:\ai agent saas\autoai-builder\.venv\Lib\site-packages\sklearn\metrics\_regression.py:1288: UndefinedMetricWarning: R^2 score is not well-defined with less than two samples.
  warnings.warn(msg, UndefinedMetricWarning)
G:\ai agent saas\autoai-builder\.venv\Lib\site-packages\sklearn\metrics\_regression.py:1288: UndefinedMetricWarning: R^2 score is not well-defined with less than two samples.
  warnings.warn(msg, UndefinedMetricWarning)
G:\ai agent saas\autoai-builder\.venv\Lib\site-packages\sklearn\metrics\_regression.py:1288: UndefinedMetricWarning: R^2 score is not well-defined with less than two samples.
  warnings.warn(msg, UndefinedMetricWarning)
G:\ai agent saas\autoai-builder\.venv\Lib\site-packages\sklearn\metrics\_regression.py:1288: UndefinedMetricWarning: R^2 score is not well-defined with less than two samples.
  warnings.warn(msg, UndefinedMetricWarning)
G:\ai agent saas\autoai-builder\.venv\Lib\site-packages\sklearn\metrics\_regression.py:1288: UndefinedMetricWarning: R^2 score is not well-defined with less than two samples.
  warnings.warn(msg, UndefinedMetricWarning)
G:\ai agent saas\autoai-builder\.venv\Lib\site-packages\sklearn\metrics\_regression.py:1288: UndefinedMetricWarning: R^2 score is not well-defined with less than two samples.
  warnings.warn(msg, UndefinedMetricWarning)
G:\ai agent saas\autoai-builder\.venv\Lib\site-packages\sklearn\metrics\_regression.py:1288: UndefinedMetricWarning: R^2 score is not well-defined with less than two samples.
  warnings.warn(msg, UndefinedMetricWarning)
G:\ai agent saas\autoai-builder\.venv\Lib\site-packages\sklearn\metrics\_regression.py:1288: UndefinedMetricWarning: R^2 score is not well-defined with less than two samples.
  warnings.warn(msg, UndefinedMetricWarning)
G:\ai agent saas\autoai-builder\.venv\Lib\site-packages\sklearn\metrics\_regression.py:1288: UndefinedMetricWarning: R^2 score is not well-defined with less than two samples.
  warnings.warn(msg, UndefinedMetricWarning)
G:\ai agent saas\autoai-builder\.venv\Lib\site-packages\sklearn\metrics\_regression.py:1288: UndefinedMetricWarning: R^2 score is not well-defined with less than two samples.
  warnings.warn(msg, UndefinedMetricWarning)
G:\ai agent saas\autoai-builder\.venv\Lib\site-packages\sklearn\metrics\_regression.py:1288: UndefinedMetricWarning: R^2 score is not well-defined with less than two samples.
  warnings.warn(msg, UndefinedMetricWarning)
G:\ai agent saas\autoai-builder\.venv\Lib\site-packages\sklearn\metrics\_regression.py:1288: UndefinedMetricWarning: R^2 score is not well-defined with less than two samples.
  warnings.warn(msg, UndefinedMetricWarning)
G:\ai agent saas\autoai-builder\.venv\Lib\site-packages\sklearn\metrics\_regression.py:1288: UndefinedMetricWarning: R^2 score is not well-defined with less than two samples.
  warnings.warn(msg, UndefinedMetricWarning)
G:\ai agent saas\autoai-builder\.venv\Lib\site-packages\sklearn\metrics\_regression.py:1288: UndefinedMetricWarning: R^2 score is not well-defined with less than two samples.
  warnings.warn(msg, UndefinedMetricWarning)
G:\ai agent saas\autoai-builder\.venv\Lib\site-packages\sklearn\metrics\_regression.py:1288: UndefinedMetricWarning: R^2 score is not well-defined with less than two samples.
  warnings.warn(msg, UndefinedMetricWarning)
G:\ai agent saas\autoai-builder\.venv\Lib\site-packages\sklearn\metrics\_regression.py:1288: UndefinedMetricWarning: R^2 score is not well-defined with less than two samples.
  warnings.warn(msg, UndefinedMetricWarning)
G:\ai agent saas\autoai-builder\.venv\Lib\site-packages\sklearn\metrics\_regression.py:1288: UndefinedMetricWarning: R^2 score is not well-defined with less than two samples.
  warnings.warn(msg, UndefinedMetricWarning)
G:\ai agent saas\autoai-builder\.venv\Lib\site-packages\sklearn\metrics\_regression.py:1288: UndefinedMetricWarning: R^2 score is not well-defined with less than two samples.
  warnings.warn(msg, UndefinedMetricWarning)
G:\ai agent saas\autoai-builder\.venv\Lib\site-packages\sklearn\metrics\_regression.py:1288: UndefinedMetricWarning: R^2 score is not well-defined with less than two samples.
  warnings.warn(msg, UndefinedMetricWarning)
G:\ai agent saas\autoai-builder\.venv\Lib\site-packages\sklearn\metrics\_regression.py:1288: UndefinedMetricWarning: R^2 score is not well-defined with less than two samples.
  warnings.warn(msg, UndefinedMetricWarning)
G:\ai agent saas\autoai-builder\.venv\Lib\site-packages\sklearn\metrics\_regression.py:1288: UndefinedMetricWarning: R^2 score is not well-defined with less than two samples.
  warnings.warn(msg, UndefinedMetricWarning)
G:\ai agent saas\autoai-builder\.venv\Lib\site-packages\sklearn\metrics\_regression.py:1288: UndefinedMetricWarning: R^2 score is not well-defined with less than two samples.
  warnings.warn(msg, UndefinedMetricWarning)
G:\ai agent saas\autoai-builder\.venv\Lib\site-packages\sklearn\metrics\_regression.py:1288: UndefinedMetricWarning: R^2 score is not well-defined with less than two samples.
  warnings.warn(msg, UndefinedMetricWarning)
G:\ai agent saas\autoai-builder\.venv\Lib\site-packages\sklearn\metrics\_regression.py:1288: UndefinedMetricWarning: R^2 score is not well-defined with less than two samples.
  warnings.warn(msg, UndefinedMetricWarning)
G:\ai agent saas\autoai-builder\.venv\Lib\site-packages\sklearn\metrics\_regression.py:1288: UndefinedMetricWarning: R^2 score is not well-defined with less than two samples.
  warnings.warn(msg, UndefinedMetricWarning)
G:\ai agent saas\autoai-builder\.venv\Lib\site-packages\sklearn\metrics\_regression.py:1288: UndefinedMetricWarning: R^2 score is not well-defined with less than two samples.
  warnings.warn(msg, UndefinedMetricWarning)
G:\ai agent saas\autoai-builder\.venv\Lib\site-packages\sklearn\metrics\_regression.py:1288: UndefinedMetricWarning: R^2 score is not well-defined with less than two samples.
  warnings.warn(msg, UndefinedMetricWarning)
G:\ai agent saas\autoai-builder\.venv\Lib\site-packages\sklearn\metrics\_regression.py:1288: UndefinedMetricWarning: R^2 score is not well-defined with less than two samples.
  warnings.warn(msg, UndefinedMetricWarning)
G:\ai agent saas\autoai-builder\.venv\Lib\site-packages\sklearn\metrics\_regression.py:1288: UndefinedMetricWarning: R^2 score is not well-defined with less than two samples.
  warnings.warn(msg, UndefinedMetricWarning)
